<?xml version="1.0" encoding="UTF-8"?>
<!-- Generated by org.testng.reporters.JUnitReportReporter -->
<testsuite hostname="IB-Pune-LAP-411" failures="0" tests="3" name="ng.test" time="0.044" errors="0" timestamp="2024-04-30T20:30:24 GMT-04:00" skipped="0">
  <testcase classname="ng.test" name="personalloan" time="0.003"/>
  <testcase classname="ng.test" name="homeloan" time="0.003"/>
  <testcase classname="ng.test" name="carloan" time="0.038"/>
</testsuite> <!-- ng.test -->
