<?xml version="1.0" encoding="UTF-8"?>
<!-- Generated by org.testng.reporters.JUnitReportReporter -->
<testsuite hostname="IB-Pune-LAP-411" failures="0" tests="3" name="ng.day1" time="0.016" errors="0" timestamp="2024-05-14T08:31:56 GMT-04:00" skipped="0">
  <testcase classname="ng.day1" name="day1test1" time="0.009"/>
  <testcase classname="ng.day1" name="day1test3" time="0.003"/>
  <testcase classname="ng.day1" name="day1test2" time="0.004"/>
</testsuite> <!-- ng.day1 -->
