<?xml version="1.0" encoding="UTF-8"?>
<!-- Generated by org.testng.reporters.JUnitReportReporter -->
<testsuite hostname="IB-Pune-LAP-411" failures="0" tests="3" name="ng.day2" time="0.005" errors="0" timestamp="2024-05-14T08:31:56 GMT-04:00" skipped="0">
  <testcase classname="ng.day2" name="day2test2" time="0.002"/>
  <testcase classname="ng.day2" name="day2test3" time="0.001"/>
  <testcase classname="ng.day2" name="day2test1" time="0.002"/>
</testsuite> <!-- ng.day2 -->
