<?xml version="1.0" encoding="UTF-8"?>
<!-- Generated by org.testng.reporters.JUnitReportReporter -->
<testsuite hostname="IB-Pune-LAP-411" failures="0" tests="3" name="ng.test1" time="0.007" errors="0" timestamp="2024-04-30T20:30:24 GMT-04:00" skipped="0">
  <testcase classname="ng.test1" name="publicportal" time="0.002"/>
  <testcase classname="ng.test1" name="internet" time="0.003"/>
  <testcase classname="ng.test1" name="mobile" time="0.002"/>
</testsuite> <!-- ng.test1 -->
